[debug] [2019-11-09T03:59:05.918Z] ----------------------------------------------------------------------
[debug] [2019-11-09T03:59:05.922Z] Command:       C:\Program Files\nodejs\node.exe C:\Users\Eduardo\AppData\Roaming\npm\node_modules\firebase-tools\lib\bin\firebase.js init
[debug] [2019-11-09T03:59:05.922Z] CLI Version:   7.7.0
[debug] [2019-11-09T03:59:05.922Z] Platform:      win32
[debug] [2019-11-09T03:59:05.922Z] Node Version:  v12.13.0
[debug] [2019-11-09T03:59:05.924Z] Time:          Sat Nov 09 2019 01:59:05 GMT-0200 (GMT-02:00)
[debug] [2019-11-09T03:59:05.924Z] ----------------------------------------------------------------------
[debug] [2019-11-09T03:59:05.924Z] 
[debug] [2019-11-09T03:59:05.933Z] > command requires scopes: ["email","openid","https://www.googleapis.com/auth/cloudplatformprojects.readonly","https://www.googleapis.com/auth/firebase","https://www.googleapis.com/auth/cloud-platform"]
[debug] [2019-11-09T03:59:05.933Z] > authorizing via signed-in user
[info] 
     ######## #### ########  ######## ########     ###     ######  ########
     ##        ##  ##     ## ##       ##     ##  ##   ##  ##       ##
     ######    ##  ########  ######   ########  #########  ######  ######
     ##        ##  ##    ##  ##       ##     ## ##     ##       ## ##
     ##       #### ##     ## ######## ########  ##     ##  ######  ########

You're about to initialize a Firebase project in this directory:

  C:\Integrador\ProjetoIntegrador4

Before we get started, keep in mind:

  * You are currently outside your home directory

